<?xml version="1.0" encoding="UTF-8"?>
<!-- Generated by org.testng.reporters.JUnitXMLReporter -->
<testsuite hostname="nbmumanuja8" name="UserAPITest" tests="8" failures="0" timestamp="7 May 2021 12:18:42 GMT" time="15.228" errors="0">
  <testcase name="getAllUsers" time="6.478" classname="com.api.tests.UserAPI"/>
  <testcase name="listSpecificUser" time="0.222" classname="com.api.tests.UserAPI"/>
  <testcase name="postman" time="1.535" classname="com.api.tests.TestAuth"/>
  <testcase name="postmantest" time="1.337" classname="com.api.tests.TestAuth"/>
  <testcase name="getAccessToken" time="0.923" classname="com.api.tests.ForceaWeatherAPI"/>
  <testcase name="getWeather" time="0.843" classname="com.api.tests.WeatherAPI"/>
  <testcase name="holiday2" time="1.25" classname="com.api.tests.Test123"/>
  <testcase name="test1" time="1.052" classname="com.api.tests.Test123"/>
</testsuite> <!-- UserAPITest -->
